  [1m[35m (935.4ms)[0m  [1m[35mCREATE DATABASE "latihan_development" ENCODING = 'unicode'[0m
  [1m[35m (955.4ms)[0m  [1m[35mCREATE DATABASE "latihan_test" ENCODING = 'unicode'[0m
Started GET "/" for ::1 at 2020-07-11 15:22:58 +0700
Processing by Rails::WelcomeController#index as HTML
  Rendering /home/rosankecil/.rbenv/versions/2.7.1/lib/ruby/gems/2.7.0/gems/railties-6.0.3.2/lib/rails/templates/rails/welcome/index.html.erb
  Rendered /home/rosankecil/.rbenv/versions/2.7.1/lib/ruby/gems/2.7.0/gems/railties-6.0.3.2/lib/rails/templates/rails/welcome/index.html.erb (Duration: 6.2ms | Allocations: 406)
Completed 200 OK in 22ms (Views: 9.0ms | ActiveRecord: 0.0ms | Allocations: 2337)


Started GET "/demo/index" for ::1 at 2020-07-11 15:26:18 +0700
Processing by DemoController#index as HTML
  Rendering demo/index.html.erb within layouts/application
  Rendered demo/index.html.erb within layouts/application (Duration: 0.5ms | Allocations: 189)
[Webpacker] Compiling...
[Webpacker] Compiled all packs in /home/rosankecil/rails/latihan/public/packs
[Webpacker] Hash: 15d1bb7b54cf6326b9ba
Version: webpack 4.43.0
Time: 2061ms
Built at: 07/11/2020 3:26:21 PM
                                     Asset       Size       Chunks                         Chunk Names
    js/application-9afcbb5693aa87623e69.js    124 KiB  application  [emitted] [immutable]  application
js/application-9afcbb5693aa87623e69.js.map    139 KiB  application  [emitted] [dev]        application
                             manifest.json  364 bytes               [emitted]              
Entrypoint application = js/application-9afcbb5693aa87623e69.js js/application-9afcbb5693aa87623e69.js.map
[./app/javascript/channels sync recursive _channel\.js$] ./app/javascript/channels sync _channel\.js$ 160 bytes {application} [built]
[./app/javascript/channels/index.js] 211 bytes {application} [built]
[./app/javascript/packs/application.js] 749 bytes {application} [built]
[./node_modules/webpack/buildin/module.js] (webpack)/buildin/module.js 552 bytes {application} [built]
    + 3 hidden modules

Completed 200 OK in 3562ms (Views: 3556.9ms | ActiveRecord: 0.0ms | Allocations: 18238)


Started GET "/demo/index" for ::1 at 2020-07-11 15:26:53 +0700
Processing by DemoController#index as HTML
  Rendering demo/index.html.erb within layouts/application
  Rendered demo/index.html.erb within layouts/application (Duration: 1.5ms | Allocations: 78)
[Webpacker] Everything's up-to-date. Nothing to do
Completed 200 OK in 71ms (Views: 65.6ms | ActiveRecord: 0.0ms | Allocations: 4276)


Started GET "/demo/index" for ::1 at 2020-07-11 15:27:08 +0700
Processing by DemoController#index as HTML
  Rendering demo/index.html.erb within layouts/application
  Rendered demo/index.html.erb within layouts/application (Duration: 1.5ms | Allocations: 91)
[Webpacker] Everything's up-to-date. Nothing to do
Completed 200 OK in 36ms (Views: 32.0ms | ActiveRecord: 0.0ms | Allocations: 4275)


Started GET "/demo/index" for ::1 at 2020-07-11 15:27:19 +0700
Processing by DemoController#index as HTML
  Rendering demo/index.html.erb within layouts/application
  Rendered demo/index.html.erb within layouts/application (Duration: 0.5ms | Allocations: 89)
[Webpacker] Everything's up-to-date. Nothing to do
Completed 200 OK in 12ms (Views: 10.0ms | ActiveRecord: 0.0ms | Allocations: 4267)


  [1m[35m (175.1ms)[0m  [1m[35mCREATE TABLE "schema_migrations" ("version" character varying NOT NULL PRIMARY KEY)[0m
  [1m[35m (163.5ms)[0m  [1m[35mCREATE TABLE "ar_internal_metadata" ("key" character varying NOT NULL PRIMARY KEY, "value" character varying, "created_at" timestamp(6) NOT NULL, "updated_at" timestamp(6) NOT NULL)[0m
  [1m[35m (0.2ms)[0m  [1m[34mSELECT pg_try_advisory_lock(1364624852599972950)[0m
  [1m[35m (0.6ms)[0m  [1m[34mSELECT "schema_migrations"."version" FROM "schema_migrations" ORDER BY "schema_migrations"."version" ASC[0m
Migrating to CreateBooks (20200711083036)
  [1m[35m (0.2ms)[0m  [1m[35mBEGIN[0m
  [1m[35m (150.6ms)[0m  [1m[35mCREATE TABLE "books" ("id" bigserial primary key, "title" character varying, "price" integer, "page" integer, "description" text, "created_at" timestamp(6) NOT NULL, "updated_at" timestamp(6) NOT NULL)[0m
  [1m[36mprimary::SchemaMigration Create (1.9ms)[0m  [1m[32mINSERT INTO "schema_migrations" ("version") VALUES ($1) RETURNING "version"[0m  [["version", "20200711083036"]]
  [1m[35m (25.2ms)[0m  [1m[35mCOMMIT[0m
  [1m[36mActiveRecord::InternalMetadata Load (1.5ms)[0m  [1m[34mSELECT "ar_internal_metadata".* FROM "ar_internal_metadata" WHERE "ar_internal_metadata"."key" = $1 LIMIT $2[0m  [["key", "environment"], ["LIMIT", 1]]
  [1m[35m (0.4ms)[0m  [1m[35mBEGIN[0m
  [1m[36mActiveRecord::InternalMetadata Create (0.8ms)[0m  [1m[32mINSERT INTO "ar_internal_metadata" ("key", "value", "created_at", "updated_at") VALUES ($1, $2, $3, $4) RETURNING "key"[0m  [["key", "environment"], ["value", "development"], ["created_at", "2020-07-11 08:30:55.923690"], ["updated_at", "2020-07-11 08:30:55.923690"]]
  [1m[35m (12.1ms)[0m  [1m[35mCOMMIT[0m
  [1m[35m (1.2ms)[0m  [1m[34mSELECT pg_advisory_unlock(1364624852599972950)[0m
  [1m[35m (0.9ms)[0m  [1m[34mSELECT "schema_migrations"."version" FROM "schema_migrations" ORDER BY "schema_migrations"."version" ASC[0m
Started GET "/books" for ::1 at 2020-07-11 15:31:18 +0700
  [1m[35m (0.5ms)[0m  [1m[34mSELECT "schema_migrations"."version" FROM "schema_migrations" ORDER BY "schema_migrations"."version" ASC[0m
Processing by BooksController#index as HTML
  Rendering books/index.html.erb within layouts/application
  [1m[36mBook Load (0.5ms)[0m  [1m[34mSELECT "books".* FROM "books"[0m
  ↳ app/views/books/index.html.erb:17
  Rendered books/index.html.erb within layouts/application (Duration: 5.0ms | Allocations: 1632)
[Webpacker] Everything's up-to-date. Nothing to do
Completed 200 OK in 56ms (Views: 47.3ms | ActiveRecord: 2.0ms | Allocations: 23218)


Started GET "/books/new" for ::1 at 2020-07-11 15:31:21 +0700
Processing by BooksController#new as HTML
  Rendering books/new.html.erb within layouts/application
  Rendered books/_form.html.erb (Duration: 18.5ms | Allocations: 4964)
  Rendered books/new.html.erb within layouts/application (Duration: 19.9ms | Allocations: 5299)
[Webpacker] Everything's up-to-date. Nothing to do
Completed 200 OK in 63ms (Views: 26.4ms | ActiveRecord: 11.8ms | Allocations: 12495)


Started POST "/books" for ::1 at 2020-07-11 15:32:03 +0700
Processing by BooksController#create as HTML
  Parameters: {"authenticity_token"=>"yqUqfiFqW4PU9/voXBx1LRc6nt5MWLzPF8/1EXiVaJjU2NfXqP/2cnNqHUldkreAjc5acviyX8gqVJ5E5rxMXQ==", "book"=>{"title"=>"Buku Ruby on Rails", "price"=>"100000", "page"=>"100", "description"=>"Buku ini keren banget"}, "commit"=>"Create Book"}
  [1m[35m (0.3ms)[0m  [1m[35mBEGIN[0m
  ↳ app/controllers/books_controller.rb:30:in `block in create'
  [1m[36mBook Create (1.2ms)[0m  [1m[32mINSERT INTO "books" ("title", "price", "page", "description", "created_at", "updated_at") VALUES ($1, $2, $3, $4, $5, $6) RETURNING "id"[0m  [["title", "Buku Ruby on Rails"], ["price", 100000], ["page", 100], ["description", "Buku ini keren banget"], ["created_at", "2020-07-11 08:32:03.355730"], ["updated_at", "2020-07-11 08:32:03.355730"]]
  ↳ app/controllers/books_controller.rb:30:in `block in create'
  [1m[35m (81.0ms)[0m  [1m[35mCOMMIT[0m
  ↳ app/controllers/books_controller.rb:30:in `block in create'
Redirected to http://localhost:3000/books/1
Completed 302 Found in 98ms (ActiveRecord: 82.6ms | Allocations: 3099)


Started GET "/books/1" for ::1 at 2020-07-11 15:32:03 +0700
Processing by BooksController#show as HTML
  Parameters: {"id"=>"1"}
  [1m[36mBook Load (1.3ms)[0m  [1m[34mSELECT "books".* FROM "books" WHERE "books"."id" = $1 LIMIT $2[0m  [["id", 1], ["LIMIT", 1]]
  ↳ app/controllers/books_controller.rb:67:in `set_book'
  Rendering books/show.html.erb within layouts/application
  Rendered books/show.html.erb within layouts/application (Duration: 4.2ms | Allocations: 300)
[Webpacker] Everything's up-to-date. Nothing to do
Completed 200 OK in 45ms (Views: 27.7ms | ActiveRecord: 2.3ms | Allocations: 4837)


Started GET "/books/1/edit" for ::1 at 2020-07-11 15:32:07 +0700
Processing by BooksController#edit as HTML
  Parameters: {"id"=>"1"}
  [1m[36mBook Load (1.6ms)[0m  [1m[34mSELECT "books".* FROM "books" WHERE "books"."id" = $1 LIMIT $2[0m  [["id", 1], ["LIMIT", 1]]
  ↳ app/controllers/books_controller.rb:67:in `set_book'
  Rendering books/edit.html.erb within layouts/application
  Rendered books/_form.html.erb (Duration: 5.8ms | Allocations: 1140)
  Rendered books/edit.html.erb within layouts/application (Duration: 7.9ms | Allocations: 1378)
[Webpacker] Everything's up-to-date. Nothing to do
Completed 200 OK in 27ms (Views: 17.2ms | ActiveRecord: 1.6ms | Allocations: 5489)


Started PATCH "/books/1" for ::1 at 2020-07-11 15:32:14 +0700
Processing by BooksController#update as HTML
  Parameters: {"authenticity_token"=>"7Brwt3fyrWdVd4qARxA74dTXIbX6uB6jFuZGGHaOktZcPTQjTZi4VYVvWBauQ9dWSqY+OGenb1RDtXbS0E/I1Q==", "book"=>{"title"=>"Buku Ruby on Rails", "price"=>"120000", "page"=>"100", "description"=>"Buku ini keren banget"}, "commit"=>"Update Book", "id"=>"1"}
  [1m[36mBook Load (1.3ms)[0m  [1m[34mSELECT "books".* FROM "books" WHERE "books"."id" = $1 LIMIT $2[0m  [["id", 1], ["LIMIT", 1]]
  ↳ app/controllers/books_controller.rb:67:in `set_book'
  [1m[35m (1.0ms)[0m  [1m[35mBEGIN[0m
  ↳ app/controllers/books_controller.rb:44:in `block in update'
  [1m[36mBook Update (1.8ms)[0m  [1m[33mUPDATE "books" SET "price" = $1, "updated_at" = $2 WHERE "books"."id" = $3[0m  [["price", 120000], ["updated_at", "2020-07-11 08:32:14.890040"], ["id", 1]]
  ↳ app/controllers/books_controller.rb:44:in `block in update'
  [1m[35m (20.6ms)[0m  [1m[35mCOMMIT[0m
  ↳ app/controllers/books_controller.rb:44:in `block in update'
Redirected to http://localhost:3000/books/1
Completed 302 Found in 57ms (ActiveRecord: 24.7ms | Allocations: 3472)


Started GET "/books/1" for ::1 at 2020-07-11 15:32:14 +0700
Processing by BooksController#show as HTML
  Parameters: {"id"=>"1"}
  [1m[36mBook Load (0.5ms)[0m  [1m[34mSELECT "books".* FROM "books" WHERE "books"."id" = $1 LIMIT $2[0m  [["id", 1], ["LIMIT", 1]]
  ↳ app/controllers/books_controller.rb:67:in `set_book'
  Rendering books/show.html.erb within layouts/application
  Rendered books/show.html.erb within layouts/application (Duration: 0.4ms | Allocations: 91)
[Webpacker] Everything's up-to-date. Nothing to do
Completed 200 OK in 10ms (Views: 7.1ms | ActiveRecord: 0.5ms | Allocations: 4086)


Started GET "/books" for ::1 at 2020-07-11 15:32:16 +0700
Processing by BooksController#index as HTML
  Rendering books/index.html.erb within layouts/application
  [1m[36mBook Load (1.5ms)[0m  [1m[34mSELECT "books".* FROM "books"[0m
  ↳ app/views/books/index.html.erb:17
  Rendered books/index.html.erb within layouts/application (Duration: 8.4ms | Allocations: 811)
[Webpacker] Everything's up-to-date. Nothing to do
Completed 200 OK in 38ms (Views: 32.8ms | ActiveRecord: 1.5ms | Allocations: 4223)


Started GET "/books/1" for ::1 at 2020-07-11 15:32:28 +0700
Processing by BooksController#show as HTML
  Parameters: {"id"=>"1"}
  [1m[36mBook Load (1.4ms)[0m  [1m[34mSELECT "books".* FROM "books" WHERE "books"."id" = $1 LIMIT $2[0m  [["id", 1], ["LIMIT", 1]]
  ↳ app/controllers/books_controller.rb:67:in `set_book'
  Rendering books/show.html.erb within layouts/application
  Rendered books/show.html.erb within layouts/application (Duration: 0.5ms | Allocations: 86)
[Webpacker] Everything's up-to-date. Nothing to do
Completed 200 OK in 16ms (Views: 9.5ms | ActiveRecord: 1.4ms | Allocations: 4055)


Started GET "/books" for ::1 at 2020-07-11 15:32:32 +0700
Processing by BooksController#index as HTML
  Rendering books/index.html.erb within layouts/application
  [1m[36mBook Load (1.4ms)[0m  [1m[34mSELECT "books".* FROM "books"[0m
  ↳ app/views/books/index.html.erb:17
  Rendered books/index.html.erb within layouts/application (Duration: 12.1ms | Allocations: 798)
[Webpacker] Everything's up-to-date. Nothing to do
Completed 200 OK in 49ms (Views: 44.4ms | ActiveRecord: 1.4ms | Allocations: 4206)


Started GET "/books/new" for ::1 at 2020-07-11 15:32:35 +0700
Processing by BooksController#new as HTML
  Rendering books/new.html.erb within layouts/application
  Rendered books/_form.html.erb (Duration: 11.2ms | Allocations: 1054)
  Rendered books/new.html.erb within layouts/application (Duration: 12.8ms | Allocations: 1136)
[Webpacker] Everything's up-to-date. Nothing to do
Completed 200 OK in 66ms (Views: 63.1ms | ActiveRecord: 0.0ms | Allocations: 4547)


Started GET "/books" for ::1 at 2020-07-11 15:34:16 +0700
Processing by BooksController#index as HTML
  Rendering books/index.html.erb within layouts/application
  [1m[36mBook Load (1.4ms)[0m  [1m[34mSELECT "books".* FROM "books"[0m
  ↳ app/views/books/index.html.erb:19
  Rendered books/index.html.erb within layouts/application (Duration: 4.8ms | Allocations: 1081)
[Webpacker] Everything's up-to-date. Nothing to do
Completed 200 OK in 14ms (Views: 10.9ms | ActiveRecord: 1.4ms | Allocations: 5397)


Started GET "/books" for ::1 at 2020-07-11 15:36:07 +0700
Processing by BooksController#index as HTML
  Rendering books/index.html.erb within layouts/application
  [1m[36mBook Load (0.7ms)[0m  [1m[34mSELECT "books".* FROM "books"[0m
  ↳ app/views/books/index.html.erb:19
  Rendered books/index.html.erb within layouts/application (Duration: 4.8ms | Allocations: 1077)
[Webpacker] Everything's up-to-date. Nothing to do
Completed 200 OK in 17ms (Views: 14.6ms | ActiveRecord: 0.7ms | Allocations: 5389)


Started GET "/books" for ::1 at 2020-07-11 15:36:41 +0700
Processing by BooksController#index as HTML
  Rendering books/index.html.erb within layouts/application
  [1m[36mBook Load (1.8ms)[0m  [1m[34mSELECT "books".* FROM "books"[0m
  ↳ app/views/books/index.html.erb:19
  Rendered books/index.html.erb within layouts/application (Duration: 13.9ms | Allocations: 1078)
[Webpacker] Everything's up-to-date. Nothing to do
Completed 200 OK in 50ms (Views: 43.2ms | ActiveRecord: 1.8ms | Allocations: 5385)


Started GET "/books/new" for ::1 at 2020-07-11 15:37:01 +0700
Processing by BooksController#new as HTML
  Rendering books/new.html.erb within layouts/application
  Rendered books/_form.html.erb (Duration: 3.7ms | Allocations: 1431)
  Rendered books/new.html.erb within layouts/application (Duration: 5.1ms | Allocations: 1758)
[Webpacker] Everything's up-to-date. Nothing to do
Completed 200 OK in 14ms (Views: 12.5ms | ActiveRecord: 0.0ms | Allocations: 5311)


Started GET "/books/new" for ::1 at 2020-07-11 15:37:33 +0700
Processing by BooksController#new as HTML
  Rendering books/new.html.erb within layouts/application
  Rendered books/_form.html.erb (Duration: 15.2ms | Allocations: 1431)
  Rendered books/new.html.erb within layouts/application (Duration: 20.7ms | Allocations: 1756)
[Webpacker] Everything's up-to-date. Nothing to do
Completed 200 OK in 59ms (Views: 54.1ms | ActiveRecord: 0.0ms | Allocations: 6067)


Started GET "/books" for ::1 at 2020-07-11 15:37:37 +0700
Processing by BooksController#index as HTML
  Rendering books/index.html.erb within layouts/application
  Rendered books/index.html.erb within layouts/application (Duration: 50.1ms | Allocations: 3434)
Completed 500 Internal Server Error in 57ms (ActiveRecord: 0.0ms | Allocations: 4003)


  
ActionView::SyntaxErrorInTemplate (Encountered a syntax error while rendering template: check <link rel="stylesheet" href="https://stackpath.bootstrapcdn.com/bootstrap/4.5.0/css/bootstrap.min.css" integrity="sha384-9aIt2nRpC12Uk9gS9baDl411NQApFmC26EwAOH8WgZl5MYYxFfc+NcPb1dKGj7Sk" crossorigin="anonymous">

<p id="notice"><%= notice %></p>

<h1>Books</h1>

<table>
  <thead>
    <tr>
      <th>Title</th>
      <th>Price</th>
      <th>Page</th>
      <th>Description</th>
      <th colspan="3"></th>
    </tr>
  </thead>

  <tbody>
    <% @books.each do |book| %>
      <tr>
        <td><%= book.title %></td>
        <td><%= book.price %></td>
        <td><%= book.page %></td>
        <td><%= book.description %></td>
        <td><%= link_to 'Show', book %></td>
        <td><%= link_to 'Edit', edit_book_path(book) %></td>
        <td><%= link_to 'Destroy', book, method: :delete, data: { confirm: 'Are you sure?' } %></td>
      </tr>
    <% end %>
  </tbody>
</table>

<br>

<%= link_to <button type="button" class="btn btn-primary">'New Book'</button>, new_book_path %>

):
1:    <link rel="stylesheet" href="https://stackpath.bootstrapcdn.com/bootstrap/4.5.0/css/bootstrap.min.css" integrity="sha384-9aIt2nRpC12Uk9gS9baDl411NQApFmC26EwAOH8WgZl5MYYxFfc+NcPb1dKGj7Sk" crossorigin="anonymous">
2:    
3:    <p id="notice"><%= notice %></p>
4:    
5:    <h1>Books</h1>
6:    
7:    <table>
8:      <thead>
9:        <tr>
10:          <th>Title</th>
11:          <th>Price</th>
12:          <th>Page</th>
13:          <th>Description</th>
14:          <th colspan="3"></th>
15:        </tr>
16:      </thead>
17:    
18:      <tbody>
19:        <% @books.each do |book| %>
20:          <tr>
21:            <td><%= book.title %></td>
22:            <td><%= book.price %></td>
23:            <td><%= book.page %></td>
24:            <td><%= book.description %></td>
25:            <td><%= link_to 'Show', book %></td>
26:            <td><%= link_to 'Edit', edit_book_path(book) %></td>
27:            <td><%= link_to 'Destroy', book, method: :delete, data: { confirm: 'Are you sure?' } %></td>
28:          </tr>
29:        <% end %>
30:      </tbody>
31:    </table>
32:    
33:    <br>
34:    
35:    <%= link_to <button type="button" class="btn btn-primary">'New Book'</button>, new_book_path %>
  
app/views/books/index.html.erb:35: syntax error, unexpected local variable or method, expecting `do' or '{' or '('
app/views/books/index.html.erb:35: syntax error, unexpected `class', expecting ')'
app/views/books/index.html.erb:38: unterminated regexp meets end of file
app/views/books/index.html.erb:38: unmatched close parenthesis: /button>, new_book_path );
app/views/books/index.html.erb:38: syntax error, unexpected end-of-input, expecting ')'
app/views/books/index.html.erb:35: syntax error, unexpected local variable or method, expecting `do' or '{' or '('
app/views/books/index.html.erb:35: syntax error, unexpected `class', expecting ')'
app/views/books/index.html.erb:38: unterminated regexp meets end of file
app/views/books/index.html.erb:38: unmatched close parenthesis: /button>, new_book_path );
app/views/books/index.html.erb:38: syntax error, unexpected end-of-input, expecting ')'
app/views/books/index.html.erb:35: syntax error, unexpected local variable or method, expecting `do' or '{' or '('
app/views/books/index.html.erb:35: syntax error, unexpected `class', expecting ')'
app/views/books/index.html.erb:38: unterminated regexp meets end of file
app/views/books/index.html.erb:38: unmatched close parenthesis: /button>, new_book_path );
app/views/books/index.html.erb:38: syntax error, unexpected end-of-input, expecting ')'
app/views/books/index.html.erb:35: syntax error, unexpected local variable or method, expecting `do' or '{' or '('
app/views/books/index.html.erb:35: syntax error, unexpected `class', expecting ')'
app/views/books/index.html.erb:38: unterminated regexp meets end of file
app/views/books/index.html.erb:38: unmatched close parenthesis: /button>, new_book_path );
app/views/books/index.html.erb:38: syntax error, unexpected end-of-input, expecting ')'
app/views/books/index.html.erb:35: syntax error, unexpected local variable or method, expecting `do' or '{' or '('
app/views/books/index.html.erb:35: syntax error, unexpected `class', expecting ')'
app/views/books/index.html.erb:38: unterminated regexp meets end of file
app/views/books/index.html.erb:38: unmatched close parenthesis: /button>, new_book_path );
app/views/books/index.html.erb:38: syntax error, unexpected end-of-input, expecting ')'
app/views/books/index.html.erb:35: syntax error, unexpected local variable or method, expecting `do' or '{' or '('
app/views/books/index.html.erb:35: syntax error, unexpected `class', expecting ')'
app/views/books/index.html.erb:38: unterminated regexp meets end of file
app/views/books/index.html.erb:38: unmatched close parenthesis: /button>, new_book_path );
app/views/books/index.html.erb:38: syntax error, unexpected end-of-input, expecting ')'
Started GET "/books" for ::1 at 2020-07-11 15:37:59 +0700
Processing by BooksController#index as HTML
  Rendering books/index.html.erb within layouts/application
  [1m[36mBook Load (1.7ms)[0m  [1m[34mSELECT "books".* FROM "books"[0m
  ↳ app/views/books/index.html.erb:19
  Rendered books/index.html.erb within layouts/application (Duration: 15.3ms | Allocations: 1095)
[Webpacker] Everything's up-to-date. Nothing to do
Completed 200 OK in 50ms (Views: 41.6ms | ActiveRecord: 1.7ms | Allocations: 5471)


Started GET "/books/1" for ::1 at 2020-07-11 15:38:08 +0700
Processing by BooksController#show as HTML
  Parameters: {"id"=>"1"}
  [1m[36mBook Load (1.8ms)[0m  [1m[34mSELECT "books".* FROM "books" WHERE "books"."id" = $1 LIMIT $2[0m  [["id", 1], ["LIMIT", 1]]
  ↳ app/controllers/books_controller.rb:67:in `set_book'
  Rendering books/show.html.erb within layouts/application
  Rendered books/show.html.erb within layouts/application (Duration: 3.6ms | Allocations: 289)
[Webpacker] Everything's up-to-date. Nothing to do
Completed 200 OK in 42ms (Views: 26.6ms | ActiveRecord: 1.8ms | Allocations: 4399)


Started GET "/books/1/edit" for ::1 at 2020-07-11 15:38:13 +0700
Processing by BooksController#edit as HTML
  Parameters: {"id"=>"1"}
  [1m[36mBook Load (0.8ms)[0m  [1m[34mSELECT "books".* FROM "books" WHERE "books"."id" = $1 LIMIT $2[0m  [["id", 1], ["LIMIT", 1]]
  ↳ app/controllers/books_controller.rb:67:in `set_book'
  Rendering books/edit.html.erb within layouts/application
  Rendered books/_form.html.erb (Duration: 6.2ms | Allocations: 1506)
  Rendered books/edit.html.erb within layouts/application (Duration: 8.4ms | Allocations: 1879)
[Webpacker] Everything's up-to-date. Nothing to do
Completed 200 OK in 24ms (Views: 16.6ms | ActiveRecord: 0.8ms | Allocations: 5968)


Started GET "/books/1/edit" for ::1 at 2020-07-11 15:40:53 +0700
Processing by BooksController#edit as HTML
  Parameters: {"id"=>"1"}
  [1m[36mBook Load (1.7ms)[0m  [1m[34mSELECT "books".* FROM "books" WHERE "books"."id" = $1 LIMIT $2[0m  [["id", 1], ["LIMIT", 1]]
  ↳ app/controllers/books_controller.rb:67:in `set_book'
  Rendering books/edit.html.erb within layouts/application
  Rendered books/_form.html.erb (Duration: 6.6ms | Allocations: 1488)
  Rendered books/edit.html.erb within layouts/application (Duration: 9.2ms | Allocations: 1864)
[Webpacker] Everything's up-to-date. Nothing to do
Completed 200 OK in 34ms (Views: 25.1ms | ActiveRecord: 1.7ms | Allocations: 6734)


Started GET "/books" for ::1 at 2020-07-11 15:41:14 +0700
Processing by BooksController#index as HTML
  Rendering books/index.html.erb within layouts/application
  [1m[36mBook Load (0.4ms)[0m  [1m[34mSELECT "books".* FROM "books"[0m
  ↳ app/views/books/index.html.erb:19
  Rendered books/index.html.erb within layouts/application (Duration: 3.1ms | Allocations: 1076)
[Webpacker] Everything's up-to-date. Nothing to do
Completed 200 OK in 11ms (Views: 9.6ms | ActiveRecord: 0.4ms | Allocations: 4621)


Started GET "/books/new" for ::1 at 2020-07-11 15:41:16 +0700
Processing by BooksController#new as HTML
  Rendering books/new.html.erb within layouts/application
  Rendered books/_form.html.erb (Duration: 3.4ms | Allocations: 1062)
  Rendered books/new.html.erb within layouts/application (Duration: 5.4ms | Allocations: 1251)
[Webpacker] Everything's up-to-date. Nothing to do
Completed 200 OK in 17ms (Views: 15.0ms | ActiveRecord: 0.0ms | Allocations: 4800)


Started POST "/books" for ::1 at 2020-07-11 15:41:33 +0700
Processing by BooksController#create as HTML
  Parameters: {"authenticity_token"=>"7WdJlWLyNrvBtOv0GGm6oDqPvcU0S1QXGssL/NQtWeDzGrQ862ebSmYpDVUZ53gNoHt5aYChtxAnUGCpSgR9JQ==", "book"=>{"title"=>"Buku Biru", "price"=>"", "page"=>"20", "description"=>"Oke"}, "commit"=>"Create Book"}
  [1m[35m (1.5ms)[0m  [1m[35mBEGIN[0m
  ↳ app/controllers/books_controller.rb:30:in `block in create'
  [1m[36mBook Create (1.9ms)[0m  [1m[32mINSERT INTO "books" ("title", "page", "description", "created_at", "updated_at") VALUES ($1, $2, $3, $4, $5) RETURNING "id"[0m  [["title", "Buku Biru"], ["page", 20], ["description", "Oke"], ["created_at", "2020-07-11 08:41:33.431482"], ["updated_at", "2020-07-11 08:41:33.431482"]]
  ↳ app/controllers/books_controller.rb:30:in `block in create'
  [1m[35m (24.8ms)[0m  [1m[35mCOMMIT[0m
  ↳ app/controllers/books_controller.rb:30:in `block in create'
Redirected to http://localhost:3000/books/2
Completed 302 Found in 43ms (ActiveRecord: 28.1ms | Allocations: 2830)


Started GET "/books/2" for ::1 at 2020-07-11 15:41:33 +0700
Processing by BooksController#show as HTML
  Parameters: {"id"=>"2"}
  [1m[36mBook Load (0.5ms)[0m  [1m[34mSELECT "books".* FROM "books" WHERE "books"."id" = $1 LIMIT $2[0m  [["id", 2], ["LIMIT", 1]]
  ↳ app/controllers/books_controller.rb:67:in `set_book'
  Rendering books/show.html.erb within layouts/application
  Rendered books/show.html.erb within layouts/application (Duration: 0.9ms | Allocations: 297)
[Webpacker] Everything's up-to-date. Nothing to do
Completed 200 OK in 12ms (Views: 8.4ms | ActiveRecord: 0.5ms | Allocations: 4428)


Started GET "/books" for ::1 at 2020-07-11 15:41:36 +0700
Processing by BooksController#index as HTML
  Rendering books/index.html.erb within layouts/application
  [1m[36mBook Load (1.2ms)[0m  [1m[34mSELECT "books".* FROM "books"[0m
  ↳ app/views/books/index.html.erb:19
  Rendered books/index.html.erb within layouts/application (Duration: 10.3ms | Allocations: 931)
[Webpacker] Everything's up-to-date. Nothing to do
Completed 200 OK in 36ms (Views: 32.8ms | ActiveRecord: 1.2ms | Allocations: 4340)


  [1m[35m (0.7ms)[0m  [1m[34mSELECT "schema_migrations"."version" FROM "schema_migrations" ORDER BY "schema_migrations"."version" ASC[0m
  [1m[35m (0.3ms)[0m  [1m[35mBEGIN[0m
  [1m[36mBook Create (0.6ms)[0m  [1m[32mINSERT INTO "books" ("title", "price", "page", "created_at", "updated_at") VALUES ($1, $2, $3, $4, $5) RETURNING "id"[0m  [["title", "Buku Java"], ["price", 150000], ["page", 150], ["created_at", "2020-07-11 08:44:06.429637"], ["updated_at", "2020-07-11 08:44:06.429637"]]
  [1m[35m (26.7ms)[0m  [1m[35mCOMMIT[0m
  [1m[35m (0.3ms)[0m  [1m[35mBEGIN[0m
  [1m[36mBook Create (0.4ms)[0m  [1m[32mINSERT INTO "books" ("title", "price", "page", "created_at", "updated_at") VALUES ($1, $2, $3, $4, $5) RETURNING "id"[0m  [["title", "Buku Python"], ["price", 150000], ["page", 150], ["created_at", "2020-07-11 08:44:06.461313"], ["updated_at", "2020-07-11 08:44:06.461313"]]
  [1m[35m (6.9ms)[0m  [1m[35mCOMMIT[0m
  [1m[35m (0.7ms)[0m  [1m[35mBEGIN[0m
  [1m[36mBook Create (1.4ms)[0m  [1m[32mINSERT INTO "books" ("title", "price", "page", "created_at", "updated_at") VALUES ($1, $2, $3, $4, $5) RETURNING "id"[0m  [["title", "Buku Golang"], ["price", 150000], ["page", 150], ["created_at", "2020-07-11 08:44:06.476005"], ["updated_at", "2020-07-11 08:44:06.476005"]]
  [1m[35m (3.8ms)[0m  [1m[35mCOMMIT[0m
  [1m[35m (0.4ms)[0m  [1m[35mBEGIN[0m
  [1m[36mBook Create (0.6ms)[0m  [1m[32mINSERT INTO "books" ("title", "price", "page", "created_at", "updated_at") VALUES ($1, $2, $3, $4, $5) RETURNING "id"[0m  [["title", "Buku Flutter"], ["price", 150000], ["page", 150], ["created_at", "2020-07-11 08:44:06.496029"], ["updated_at", "2020-07-11 08:44:06.496029"]]
  [1m[35m (2.5ms)[0m  [1m[35mCOMMIT[0m
  [1m[35m (0.2ms)[0m  [1m[35mBEGIN[0m
  [1m[36mBook Create (0.4ms)[0m  [1m[32mINSERT INTO "books" ("title", "price", "page", "created_at", "updated_at") VALUES ($1, $2, $3, $4, $5) RETURNING "id"[0m  [["title", "Buku C++"], ["price", 150000], ["page", 150], ["created_at", "2020-07-11 08:44:06.505744"], ["updated_at", "2020-07-11 08:44:06.505744"]]
  [1m[35m (6.0ms)[0m  [1m[35mCOMMIT[0m
Started GET "/books" for ::1 at 2020-07-11 15:44:18 +0700
  [1m[35m (0.7ms)[0m  [1m[34mSELECT "schema_migrations"."version" FROM "schema_migrations" ORDER BY "schema_migrations"."version" ASC[0m
Processing by BooksController#index as HTML
  Rendering books/index.html.erb within layouts/application
  [1m[36mBook Load (0.6ms)[0m  [1m[34mSELECT "books".* FROM "books"[0m
  ↳ app/views/books/index.html.erb:19
  Rendered books/index.html.erb within layouts/application (Duration: 15.4ms | Allocations: 6256)
[Webpacker] Everything's up-to-date. Nothing to do
Completed 200 OK in 33ms (Views: 21.6ms | ActiveRecord: 4.6ms | Allocations: 14107)


Started GET "/" for ::1 at 2020-07-11 19:09:48 +0700
  [1m[35m (0.8ms)[0m  [1m[34mSELECT "schema_migrations"."version" FROM "schema_migrations" ORDER BY "schema_migrations"."version" ASC[0m
Processing by MahasiswaController#index as HTML
  Rendering mahasiswa/index.html.erb within layouts/application
  Rendered mahasiswa/index.html.erb within layouts/application (Duration: 0.5ms | Allocations: 189)
[Webpacker] Everything's up-to-date. Nothing to do
Completed 200 OK in 43ms (Views: 35.2ms | ActiveRecord: 0.0ms | Allocations: 22225)


Started GET "/" for ::1 at 2020-07-11 19:10:12 +0700
Processing by Rails::WelcomeController#index as HTML
  Rendering /home/rosankecil/.rbenv/versions/2.7.1/lib/ruby/gems/2.7.0/gems/railties-6.0.3.2/lib/rails/templates/rails/welcome/index.html.erb
  Rendered /home/rosankecil/.rbenv/versions/2.7.1/lib/ruby/gems/2.7.0/gems/railties-6.0.3.2/lib/rails/templates/rails/welcome/index.html.erb (Duration: 10.4ms | Allocations: 183)
Completed 200 OK in 14ms (Views: 11.3ms | ActiveRecord: 0.0ms | Allocations: 1317)


Started GET "/mahasiswa" for ::1 at 2020-07-11 19:10:18 +0700
  
ActionController::RoutingError (No route matches [GET] "/mahasiswa"):
  
actionpack (6.0.3.2) lib/action_dispatch/middleware/debug_exceptions.rb:36:in `call'
web-console (4.0.3) lib/web_console/middleware.rb:132:in `call_app'
web-console (4.0.3) lib/web_console/middleware.rb:28:in `block in call'
web-console (4.0.3) lib/web_console/middleware.rb:17:in `catch'
web-console (4.0.3) lib/web_console/middleware.rb:17:in `call'
actionpack (6.0.3.2) lib/action_dispatch/middleware/show_exceptions.rb:33:in `call'
railties (6.0.3.2) lib/rails/rack/logger.rb:37:in `call_app'
railties (6.0.3.2) lib/rails/rack/logger.rb:26:in `block in call'
activesupport (6.0.3.2) lib/active_support/tagged_logging.rb:80:in `block in tagged'
activesupport (6.0.3.2) lib/active_support/tagged_logging.rb:28:in `tagged'
activesupport (6.0.3.2) lib/active_support/tagged_logging.rb:80:in `tagged'
railties (6.0.3.2) lib/rails/rack/logger.rb:26:in `call'
sprockets-rails (3.2.1) lib/sprockets/rails/quiet_assets.rb:13:in `call'
actionpack (6.0.3.2) lib/action_dispatch/middleware/remote_ip.rb:81:in `call'
actionpack (6.0.3.2) lib/action_dispatch/middleware/request_id.rb:27:in `call'
rack (2.2.3) lib/rack/method_override.rb:24:in `call'
rack (2.2.3) lib/rack/runtime.rb:22:in `call'
activesupport (6.0.3.2) lib/active_support/cache/strategy/local_cache_middleware.rb:29:in `call'
actionpack (6.0.3.2) lib/action_dispatch/middleware/executor.rb:14:in `call'
actionpack (6.0.3.2) lib/action_dispatch/middleware/static.rb:126:in `call'
rack (2.2.3) lib/rack/sendfile.rb:110:in `call'
actionpack (6.0.3.2) lib/action_dispatch/middleware/host_authorization.rb:82:in `call'
webpacker (4.2.2) lib/webpacker/dev_server_proxy.rb:23:in `perform_request'
rack-proxy (0.6.5) lib/rack/proxy.rb:57:in `call'
railties (6.0.3.2) lib/rails/engine.rb:527:in `call'
puma (4.3.5) lib/puma/configuration.rb:228:in `call'
puma (4.3.5) lib/puma/server.rb:713:in `handle_request'
puma (4.3.5) lib/puma/server.rb:472:in `process_client'
puma (4.3.5) lib/puma/server.rb:328:in `block in run'
puma (4.3.5) lib/puma/thread_pool.rb:134:in `block in spawn_thread'
Started GET "/mahasiswa/index" for ::1 at 2020-07-11 19:10:28 +0700
Processing by MahasiswaController#index as HTML
  Rendering mahasiswa/index.html.erb within layouts/application
  Rendered mahasiswa/index.html.erb within layouts/application (Duration: 0.4ms | Allocations: 77)
[Webpacker] Everything's up-to-date. Nothing to do
Completed 200 OK in 14ms (Views: 12.9ms | ActiveRecord: 0.0ms | Allocations: 4494)


Started GET "/" for ::1 at 2020-07-11 19:18:39 +0700
Processing by Rails::WelcomeController#index as HTML
  Rendering /home/rosankecil/.rbenv/versions/2.7.1/lib/ruby/gems/2.7.0/gems/railties-6.0.3.2/lib/rails/templates/rails/welcome/index.html.erb
  Rendered /home/rosankecil/.rbenv/versions/2.7.1/lib/ruby/gems/2.7.0/gems/railties-6.0.3.2/lib/rails/templates/rails/welcome/index.html.erb (Duration: 6.0ms | Allocations: 178)
Completed 200 OK in 8ms (Views: 6.7ms | ActiveRecord: 0.0ms | Allocations: 884)


Started GET "/books" for ::1 at 2020-07-11 19:18:48 +0700
Processing by BooksController#index as HTML
  Rendering books/index.html.erb within layouts/application
  [1m[36mBook Load (0.7ms)[0m  [1m[34mSELECT "books".* FROM "books"[0m
  ↳ app/views/books/index.html.erb:19
  Rendered books/index.html.erb within layouts/application (Duration: 23.2ms | Allocations: 6203)
[Webpacker] Everything's up-to-date. Nothing to do
Completed 200 OK in 36ms (Views: 24.7ms | ActiveRecord: 8.8ms | Allocations: 10913)


Started GET "/mahasiswa/index" for ::1 at 2020-07-11 21:18:12 +0700
  [1m[35m (0.6ms)[0m  [1m[34mSELECT "schema_migrations"."version" FROM "schema_migrations" ORDER BY "schema_migrations"."version" ASC[0m
Processing by MahasiswaController#index as HTML
  Rendering mahasiswa/index.html.erb within layouts/application
  Rendered mahasiswa/index.html.erb within layouts/application (Duration: 0.4ms | Allocations: 189)
[Webpacker] Everything's up-to-date. Nothing to do
Completed 200 OK in 16ms (Views: 10.9ms | ActiveRecord: 0.0ms | Allocations: 8059)


  [1m[35m (0.2ms)[0m  [1m[34mSELECT pg_try_advisory_lock(1364624852599972950)[0m
  [1m[35m (0.7ms)[0m  [1m[34mSELECT "schema_migrations"."version" FROM "schema_migrations" ORDER BY "schema_migrations"."version" ASC[0m
Migrating to CreatePets (20200711142547)
  [1m[35m (0.3ms)[0m  [1m[35mBEGIN[0m
  [1m[35m (127.4ms)[0m  [1m[35mCREATE TABLE "pets" ("id" bigserial primary key, "name" character varying, "old" integer, "created_at" timestamp(6) NOT NULL, "updated_at" timestamp(6) NOT NULL)[0m
  [1m[36mprimary::SchemaMigration Create (1.5ms)[0m  [1m[32mINSERT INTO "schema_migrations" ("version") VALUES ($1) RETURNING "version"[0m  [["version", "20200711142547"]]
  [1m[35m (43.2ms)[0m  [1m[35mCOMMIT[0m
  [1m[36mActiveRecord::InternalMetadata Load (1.5ms)[0m  [1m[34mSELECT "ar_internal_metadata".* FROM "ar_internal_metadata" WHERE "ar_internal_metadata"."key" = $1 LIMIT $2[0m  [["key", "environment"], ["LIMIT", 1]]
  [1m[35m (0.7ms)[0m  [1m[34mSELECT pg_advisory_unlock(1364624852599972950)[0m
  [1m[35m (0.9ms)[0m  [1m[34mSELECT "schema_migrations"."version" FROM "schema_migrations" ORDER BY "schema_migrations"."version" ASC[0m
Started GET "/pets" for ::1 at 2020-07-11 21:45:19 +0700
  [1m[35m (0.7ms)[0m  [1m[34mSELECT "schema_migrations"."version" FROM "schema_migrations" ORDER BY "schema_migrations"."version" ASC[0m
Processing by PetsController#index as HTML
Completed 500 Internal Server Error in 3ms (ActiveRecord: 0.0ms | Allocations: 2410)


  
NameError (uninitialized constant PetsController::Pets):
  
app/controllers/pets_controller.rb:3:in `index'
Started GET "/pets/index" for ::1 at 2020-07-11 21:45:23 +0700
  
AbstractController::ActionNotFound (The action 'show' could not be found for PetsController):
  
actionpack (6.0.3.2) lib/abstract_controller/base.rb:131:in `process'
actionview (6.0.3.2) lib/action_view/rendering.rb:39:in `process'
actionpack (6.0.3.2) lib/action_controller/metal.rb:190:in `dispatch'
actionpack (6.0.3.2) lib/action_controller/metal.rb:254:in `dispatch'
actionpack (6.0.3.2) lib/action_dispatch/routing/route_set.rb:50:in `dispatch'
actionpack (6.0.3.2) lib/action_dispatch/routing/route_set.rb:33:in `serve'
actionpack (6.0.3.2) lib/action_dispatch/journey/router.rb:49:in `block in serve'
actionpack (6.0.3.2) lib/action_dispatch/journey/router.rb:32:in `each'
actionpack (6.0.3.2) lib/action_dispatch/journey/router.rb:32:in `serve'
actionpack (6.0.3.2) lib/action_dispatch/routing/route_set.rb:834:in `call'
rack (2.2.3) lib/rack/tempfile_reaper.rb:15:in `call'
rack (2.2.3) lib/rack/etag.rb:27:in `call'
rack (2.2.3) lib/rack/conditional_get.rb:27:in `call'
rack (2.2.3) lib/rack/head.rb:12:in `call'
actionpack (6.0.3.2) lib/action_dispatch/http/content_security_policy.rb:18:in `call'
rack (2.2.3) lib/rack/session/abstract/id.rb:266:in `context'
rack (2.2.3) lib/rack/session/abstract/id.rb:260:in `call'
actionpack (6.0.3.2) lib/action_dispatch/middleware/cookies.rb:648:in `call'
activerecord (6.0.3.2) lib/active_record/migration.rb:567:in `call'
actionpack (6.0.3.2) lib/action_dispatch/middleware/callbacks.rb:27:in `block in call'
activesupport (6.0.3.2) lib/active_support/callbacks.rb:101:in `run_callbacks'
actionpack (6.0.3.2) lib/action_dispatch/middleware/callbacks.rb:26:in `call'
actionpack (6.0.3.2) lib/action_dispatch/middleware/executor.rb:14:in `call'
actionpack (6.0.3.2) lib/action_dispatch/middleware/actionable_exceptions.rb:17:in `call'
actionpack (6.0.3.2) lib/action_dispatch/middleware/debug_exceptions.rb:32:in `call'
web-console (4.0.3) lib/web_console/middleware.rb:132:in `call_app'
web-console (4.0.3) lib/web_console/middleware.rb:28:in `block in call'
web-console (4.0.3) lib/web_console/middleware.rb:17:in `catch'
web-console (4.0.3) lib/web_console/middleware.rb:17:in `call'
actionpack (6.0.3.2) lib/action_dispatch/middleware/show_exceptions.rb:33:in `call'
railties (6.0.3.2) lib/rails/rack/logger.rb:37:in `call_app'
railties (6.0.3.2) lib/rails/rack/logger.rb:26:in `block in call'
activesupport (6.0.3.2) lib/active_support/tagged_logging.rb:80:in `block in tagged'
activesupport (6.0.3.2) lib/active_support/tagged_logging.rb:28:in `tagged'
activesupport (6.0.3.2) lib/active_support/tagged_logging.rb:80:in `tagged'
railties (6.0.3.2) lib/rails/rack/logger.rb:26:in `call'
sprockets-rails (3.2.1) lib/sprockets/rails/quiet_assets.rb:13:in `call'
actionpack (6.0.3.2) lib/action_dispatch/middleware/remote_ip.rb:81:in `call'
actionpack (6.0.3.2) lib/action_dispatch/middleware/request_id.rb:27:in `call'
rack (2.2.3) lib/rack/method_override.rb:24:in `call'
rack (2.2.3) lib/rack/runtime.rb:22:in `call'
activesupport (6.0.3.2) lib/active_support/cache/strategy/local_cache_middleware.rb:29:in `call'
actionpack (6.0.3.2) lib/action_dispatch/middleware/executor.rb:14:in `call'
actionpack (6.0.3.2) lib/action_dispatch/middleware/static.rb:126:in `call'
rack (2.2.3) lib/rack/sendfile.rb:110:in `call'
actionpack (6.0.3.2) lib/action_dispatch/middleware/host_authorization.rb:82:in `call'
webpacker (4.2.2) lib/webpacker/dev_server_proxy.rb:23:in `perform_request'
rack-proxy (0.6.5) lib/rack/proxy.rb:57:in `call'
railties (6.0.3.2) lib/rails/engine.rb:527:in `call'
puma (4.3.5) lib/puma/configuration.rb:228:in `call'
puma (4.3.5) lib/puma/server.rb:713:in `handle_request'
puma (4.3.5) lib/puma/server.rb:472:in `process_client'
puma (4.3.5) lib/puma/server.rb:328:in `block in run'
puma (4.3.5) lib/puma/thread_pool.rb:134:in `block in spawn_thread'
Started GET "/pets/index" for ::1 at 2020-07-11 21:46:14 +0700
Processing by PetsController#show as HTML
  Parameters: {"id"=>"index"}
Completed 500 Internal Server Error in 3ms (ActiveRecord: 0.0ms | Allocations: 2418)


  
NameError (uninitialized constant PetsController::Pets):
  
app/controllers/pets_controller.rb:7:in `show'
  [1m[35m (0.4ms)[0m  [1m[34mSELECT pg_try_advisory_lock(1364624852599972950)[0m
  [1m[35m (46.5ms)[0m  [1m[34mSELECT "schema_migrations"."version" FROM "schema_migrations" ORDER BY "schema_migrations"."version" ASC[0m
Migrating to AlterBook (20200712070912)
  [1m[35m (0.8ms)[0m  [1m[35mBEGIN[0m
  [1m[35m (32.2ms)[0m  [1m[35mALTER TABLE "book" RENAME COLUMN "title" TO "judul"[0m
  [1m[35m (0.6ms)[0m  [1m[31mROLLBACK[0m
  [1m[35m (1.3ms)[0m  [1m[34mSELECT pg_advisory_unlock(1364624852599972950)[0m
  [1m[35m (0.2ms)[0m  [1m[34mSELECT pg_try_advisory_lock(1364624852599972950)[0m
  [1m[35m (0.7ms)[0m  [1m[34mSELECT "schema_migrations"."version" FROM "schema_migrations" ORDER BY "schema_migrations"."version" ASC[0m
Migrating to AlterBook (20200712070912)
  [1m[35m (0.2ms)[0m  [1m[35mBEGIN[0m
  [1m[35m (22.2ms)[0m  [1m[35mALTER TABLE "books" RENAME COLUMN "title" TO "judul"[0m
  [1m[36mprimary::SchemaMigration Create (0.5ms)[0m  [1m[32mINSERT INTO "schema_migrations" ("version") VALUES ($1) RETURNING "version"[0m  [["version", "20200712070912"]]
  [1m[35m (55.3ms)[0m  [1m[35mCOMMIT[0m
  [1m[36mActiveRecord::InternalMetadata Load (44.9ms)[0m  [1m[34mSELECT "ar_internal_metadata".* FROM "ar_internal_metadata" WHERE "ar_internal_metadata"."key" = $1 LIMIT $2[0m  [["key", "environment"], ["LIMIT", 1]]
  [1m[35m (1.1ms)[0m  [1m[34mSELECT pg_advisory_unlock(1364624852599972950)[0m
  [1m[35m (0.5ms)[0m  [1m[34mSELECT "schema_migrations"."version" FROM "schema_migrations" ORDER BY "schema_migrations"."version" ASC[0m
  [1m[35m (0.2ms)[0m  [1m[34mSELECT pg_try_advisory_lock(1364624852599972950)[0m
  [1m[35m (0.5ms)[0m  [1m[34mSELECT "schema_migrations"."version" FROM "schema_migrations" ORDER BY "schema_migrations"."version" ASC[0m
Migrating to AlterTest (20200712071217)
  [1m[35m (0.3ms)[0m  [1m[34mSELECT pg_advisory_unlock(1364624852599972950)[0m
  [1m[35m (0.2ms)[0m  [1m[34mSELECT pg_try_advisory_lock(1364624852599972950)[0m
  [1m[35m (0.6ms)[0m  [1m[34mSELECT "schema_migrations"."version" FROM "schema_migrations" ORDER BY "schema_migrations"."version" ASC[0m
Migrating to AlterTest (20200712071217)
  [1m[35m (0.3ms)[0m  [1m[34mSELECT pg_advisory_unlock(1364624852599972950)[0m
  [1m[35m (0.2ms)[0m  [1m[34mSELECT pg_try_advisory_lock(1364624852599972950)[0m
  [1m[35m (0.7ms)[0m  [1m[34mSELECT "schema_migrations"."version" FROM "schema_migrations" ORDER BY "schema_migrations"."version" ASC[0m
Migrating to AlterTest (20200712071217)
  [1m[35m (0.3ms)[0m  [1m[34mSELECT pg_advisory_unlock(1364624852599972950)[0m
  [1m[35m (0.3ms)[0m  [1m[34mSELECT pg_try_advisory_lock(1364624852599972950)[0m
  [1m[35m (0.7ms)[0m  [1m[34mSELECT "schema_migrations"."version" FROM "schema_migrations" ORDER BY "schema_migrations"."version" ASC[0m
Migrating to AlterTest (20200712071217)
  [1m[35m (0.5ms)[0m  [1m[34mSELECT pg_advisory_unlock(1364624852599972950)[0m
  [1m[35m (0.2ms)[0m  [1m[34mSELECT pg_try_advisory_lock(1364624852599972950)[0m
  [1m[35m (0.7ms)[0m  [1m[34mSELECT "schema_migrations"."version" FROM "schema_migrations" ORDER BY "schema_migrations"."version" ASC[0m
Migrating to AlterTest (20200712071217)
  [1m[35m (0.3ms)[0m  [1m[34mSELECT pg_advisory_unlock(1364624852599972950)[0m
  [1m[35m (0.4ms)[0m  [1m[34mSELECT pg_try_advisory_lock(1364624852599972950)[0m
  [1m[35m (0.5ms)[0m  [1m[34mSELECT "schema_migrations"."version" FROM "schema_migrations" ORDER BY "schema_migrations"."version" ASC[0m
Migrating to AlterTest (20200712071217)
  [1m[35m (0.2ms)[0m  [1m[35mBEGIN[0m
  [1m[35m (84.3ms)[0m  [1m[35mALTER TABLE "books" ALTER COLUMN "price" SET DEFAULT 0[0m
  [1m[36mprimary::SchemaMigration Create (2.1ms)[0m  [1m[32mINSERT INTO "schema_migrations" ("version") VALUES ($1) RETURNING "version"[0m  [["version", "20200712071217"]]
  [1m[35m (30.7ms)[0m  [1m[35mCOMMIT[0m
  [1m[36mActiveRecord::InternalMetadata Load (0.3ms)[0m  [1m[34mSELECT "ar_internal_metadata".* FROM "ar_internal_metadata" WHERE "ar_internal_metadata"."key" = $1 LIMIT $2[0m  [["key", "environment"], ["LIMIT", 1]]
  [1m[35m (0.4ms)[0m  [1m[34mSELECT pg_advisory_unlock(1364624852599972950)[0m
  [1m[35m (0.6ms)[0m  [1m[34mSELECT "schema_migrations"."version" FROM "schema_migrations" ORDER BY "schema_migrations"."version" ASC[0m
Started GET "/books" for ::1 at 2020-07-12 14:20:00 +0700
  [1m[35m (0.6ms)[0m  [1m[34mSELECT "schema_migrations"."version" FROM "schema_migrations" ORDER BY "schema_migrations"."version" ASC[0m
Processing by BooksController#index as HTML
  Rendering books/index.html.erb within layouts/application
  [1m[36mBook Load (2.5ms)[0m  [1m[34mSELECT "books".* FROM "books"[0m
  ↳ app/views/books/index.html.erb:19
  Rendered books/index.html.erb within layouts/application (Duration: 83.5ms | Allocations: 8456)
Completed 500 Internal Server Error in 105ms (ActiveRecord: 15.9ms | Allocations: 10664)


  
ActionView::Template::Error (undefined method `title' for #<Book:0x0000563ceefe5688>):
    18:   <tbody>
    19:     <% @books.each do |book| %>
    20:       <tr>
    21:         <td><%= book.title %></td>
    22:         <td><%= book.price %></td>
    23:         <td><%= book.page %></td>
    24:         <td><%= book.description %></td>
  
app/views/books/index.html.erb:21
app/views/books/index.html.erb:19
Started GET "/books" for ::1 at 2020-07-12 14:20:33 +0700
Processing by BooksController#index as HTML
  Rendering books/index.html.erb within layouts/application
  [1m[36mBook Load (0.3ms)[0m  [1m[34mSELECT "books".* FROM "books"[0m
  ↳ app/views/books/index.html.erb:19
  Rendered books/index.html.erb within layouts/application (Duration: 5.3ms | Allocations: 1968)
[Webpacker] Everything's up-to-date. Nothing to do
Completed 200 OK in 375ms (Views: 373.8ms | ActiveRecord: 0.3ms | Allocations: 25992)


Started GET "/books/new" for ::1 at 2020-07-12 14:20:36 +0700
Processing by BooksController#new as HTML
  Rendering books/new.html.erb within layouts/application
  Rendered books/_form.html.erb (Duration: 41.8ms | Allocations: 5049)
  Rendered books/new.html.erb within layouts/application (Duration: 51.6ms | Allocations: 5382)
[Webpacker] Everything's up-to-date. Nothing to do
Completed 200 OK in 60ms (Views: 58.1ms | ActiveRecord: 0.0ms | Allocations: 8964)


Started POST "/books" for ::1 at 2020-07-12 14:21:06 +0700
Processing by BooksController#create as HTML
  Parameters: {"authenticity_token"=>"nUCyw+du41Ta1m7wyCq7ks9ylhbEYcSyBQ02iOj1VkqDPU9qbvtOpX1LiFHJpHk/VYZSunCLJ7U4ll3ddtxyjw==", "book"=>{"title"=>"Buku hero", "price"=>"", "page"=>"10", "description"=>"seru"}, "commit"=>"Create Book"}
Completed 500 Internal Server Error in 5ms (ActiveRecord: 0.0ms | Allocations: 856)


  
ActiveModel::UnknownAttributeError (unknown attribute 'title' for Book.):
  
app/controllers/books_controller.rb:27:in `create'
Started POST "/books" for ::1 at 2020-07-12 14:22:07 +0700
Processing by BooksController#create as HTML
  Parameters: {"authenticity_token"=>"nUCyw+du41Ta1m7wyCq7ks9ylhbEYcSyBQ02iOj1VkqDPU9qbvtOpX1LiFHJpHk/VYZSunCLJ7U4ll3ddtxyjw==", "book"=>{"title"=>"Buku hero", "price"=>"", "page"=>"10", "description"=>"seru"}, "commit"=>"Create Book"}
[31mUnpermitted parameter: :title[0m
  [1m[35m (0.2ms)[0m  [1m[35mBEGIN[0m
  ↳ app/controllers/books_controller.rb:30:in `block in create'
  [1m[36mBook Create (34.3ms)[0m  [1m[32mINSERT INTO "books" ("price", "page", "description", "created_at", "updated_at") VALUES ($1, $2, $3, $4, $5) RETURNING "id"[0m  [["price", nil], ["page", 10], ["description", "seru"], ["created_at", "2020-07-12 07:22:08.021401"], ["updated_at", "2020-07-12 07:22:08.021401"]]
  ↳ app/controllers/books_controller.rb:30:in `block in create'
  [1m[35m (23.6ms)[0m  [1m[35mCOMMIT[0m
  ↳ app/controllers/books_controller.rb:30:in `block in create'
Redirected to http://localhost:3000/books/8
Completed 302 Found in 79ms (ActiveRecord: 61.8ms | Allocations: 7229)


Started GET "/books/8" for ::1 at 2020-07-12 14:22:08 +0700
Processing by BooksController#show as HTML
  Parameters: {"id"=>"8"}
  [1m[36mBook Load (1.3ms)[0m  [1m[34mSELECT "books".* FROM "books" WHERE "books"."id" = $1 LIMIT $2[0m  [["id", 8], ["LIMIT", 1]]
  ↳ app/controllers/books_controller.rb:67:in `set_book'
  Rendering books/show.html.erb within layouts/application
  Rendered books/show.html.erb within layouts/application (Duration: 56.0ms | Allocations: 3074)
Completed 500 Internal Server Error in 75ms (ActiveRecord: 2.1ms | Allocations: 4798)


  
ActionView::Template::Error (undefined method `title' for #<Book:0x00007f3c990364e8>):
     5: 
     6: <p>
     7:   <strong>Title:</strong>
     8:   <%= @book.title %>
     9: </p>
    10: 
    11: <p>
  
app/views/books/show.html.erb:8
Started GET "/books/8" for ::1 at 2020-07-12 14:22:25 +0700
Processing by BooksController#show as HTML
  Parameters: {"id"=>"8"}
  [1m[36mBook Load (0.3ms)[0m  [1m[34mSELECT "books".* FROM "books" WHERE "books"."id" = $1 LIMIT $2[0m  [["id", 8], ["LIMIT", 1]]
  ↳ app/controllers/books_controller.rb:67:in `set_book'
  Rendering books/show.html.erb within layouts/application
  Rendered books/show.html.erb within layouts/application (Duration: 0.9ms | Allocations: 298)
[Webpacker] Everything's up-to-date. Nothing to do
Completed 200 OK in 10ms (Views: 7.8ms | ActiveRecord: 0.3ms | Allocations: 5336)


Started GET "/books" for ::1 at 2020-07-12 14:22:33 +0700
Processing by BooksController#index as HTML
  Rendering books/index.html.erb within layouts/application
  [1m[36mBook Load (1.6ms)[0m  [1m[34mSELECT "books".* FROM "books"[0m
  ↳ app/views/books/index.html.erb:19
  Rendered books/index.html.erb within layouts/application (Duration: 22.0ms | Allocations: 1981)
[Webpacker] Everything's up-to-date. Nothing to do
Completed 200 OK in 50ms (Views: 43.4ms | ActiveRecord: 1.6ms | Allocations: 5651)


Started GET "/books" for ::1 at 2020-07-12 14:23:26 +0700
Processing by BooksController#index as HTML
  Rendering books/index.html.erb within layouts/application
  [1m[36mBook Load (0.4ms)[0m  [1m[34mSELECT "books".* FROM "books"[0m
  ↳ app/views/books/index.html.erb:19
  Rendered books/index.html.erb within layouts/application (Duration: 5.2ms | Allocations: 1980)
[Webpacker] Everything's up-to-date. Nothing to do
Completed 200 OK in 16ms (Views: 13.8ms | ActiveRecord: 0.4ms | Allocations: 6403)


  [1m[35m (0.3ms)[0m  [1m[34mSELECT pg_try_advisory_lock(1364624852599972950)[0m
  [1m[35m (0.5ms)[0m  [1m[34mSELECT "schema_migrations"."version" FROM "schema_migrations" ORDER BY "schema_migrations"."version" ASC[0m
  [1m[36mActiveRecord::InternalMetadata Load (0.3ms)[0m  [1m[34mSELECT "ar_internal_metadata".* FROM "ar_internal_metadata" WHERE "ar_internal_metadata"."key" = $1 LIMIT $2[0m  [["key", "environment"], ["LIMIT", 1]]
  [1m[35m (0.4ms)[0m  [1m[34mSELECT pg_advisory_unlock(1364624852599972950)[0m
  [1m[35m (1.1ms)[0m  [1m[34mSELECT "schema_migrations"."version" FROM "schema_migrations" ORDER BY "schema_migrations"."version" ASC[0m
Started DELETE "/books/8" for ::1 at 2020-07-12 14:37:16 +0700
  [1m[35m (0.7ms)[0m  [1m[34mSELECT "schema_migrations"."version" FROM "schema_migrations" ORDER BY "schema_migrations"."version" ASC[0m
Processing by BooksController#destroy as HTML
  Parameters: {"authenticity_token"=>"yyOZwqjBx7AzFDRvkaVKH1pv1IAPan3ybZ4GgAPx91z509SlbvHDr1vT1qTtrdj8hEwdCxrevgRzr+nudFX2Hw==", "id"=>"8"}
  [1m[36mBook Load (0.5ms)[0m  [1m[34mSELECT "books".* FROM "books" WHERE "books"."id" = $1 LIMIT $2[0m  [["id", 8], ["LIMIT", 1]]
  ↳ app/controllers/books_controller.rb:67:in `set_book'
  [1m[35m (0.3ms)[0m  [1m[35mBEGIN[0m
  ↳ app/controllers/books_controller.rb:57:in `destroy'
  [1m[36mBook Destroy (0.6ms)[0m  [1m[31mDELETE FROM "books" WHERE "books"."id" = $1[0m  [["id", 8]]
  ↳ app/controllers/books_controller.rb:57:in `destroy'
  [1m[35m (25.7ms)[0m  [1m[35mCOMMIT[0m
  ↳ app/controllers/books_controller.rb:57:in `destroy'
Redirected to http://localhost:3000/books
Completed 302 Found in 46ms (ActiveRecord: 27.4ms | Allocations: 6898)


Started GET "/books" for ::1 at 2020-07-12 14:37:17 +0700
Processing by BooksController#index as HTML
  Rendering books/index.html.erb within layouts/application
  [1m[36mBook Load (2.2ms)[0m  [1m[34mSELECT "books".* FROM "books"[0m
  ↳ app/views/books/index.html.erb:19
  Rendered books/index.html.erb within layouts/application (Duration: 18.2ms | Allocations: 1640)
[Webpacker] Everything's up-to-date. Nothing to do
Completed 200 OK in 41ms (Views: 35.5ms | ActiveRecord: 2.2ms | Allocations: 5323)


Started GET "/books/new" for ::1 at 2020-07-12 14:37:20 +0700
Processing by BooksController#new as HTML
  Rendering books/new.html.erb within layouts/application
  Rendered books/_form.html.erb (Duration: 19.9ms | Allocations: 1473)
  Rendered books/new.html.erb within layouts/application (Duration: 26.1ms | Allocations: 1799)
[Webpacker] Everything's up-to-date. Nothing to do
Completed 200 OK in 51ms (Views: 45.7ms | ActiveRecord: 0.0ms | Allocations: 5455)


Started POST "/books" for ::1 at 2020-07-12 14:37:42 +0700
Processing by BooksController#create as HTML
  Parameters: {"authenticity_token"=>"dyQNKpszHZw1AW3ydPXjpgNNRWQNWuGUkYc/c0Wga31pWfCDEqawbZKci1N1eyELmbmByLmwApOsHFQm24lPuA==", "book"=>{"judul"=>"Buku Hero", "price"=>"0", "page"=>"", "description"=>"Bagus banget"}, "commit"=>"Create Book"}
  [1m[35m (1.1ms)[0m  [1m[35mBEGIN[0m
  ↳ app/controllers/books_controller.rb:30:in `block in create'
  [1m[36mBook Create (1.9ms)[0m  [1m[32mINSERT INTO "books" ("judul", "description", "created_at", "updated_at") VALUES ($1, $2, $3, $4) RETURNING "id"[0m  [["judul", "Buku Hero"], ["description", "Bagus banget"], ["created_at", "2020-07-12 07:37:42.957400"], ["updated_at", "2020-07-12 07:37:42.957400"]]
  ↳ app/controllers/books_controller.rb:30:in `block in create'
  [1m[35m (38.1ms)[0m  [1m[35mCOMMIT[0m
  ↳ app/controllers/books_controller.rb:30:in `block in create'
Redirected to http://localhost:3000/books/9
Completed 302 Found in 92ms (ActiveRecord: 41.1ms | Allocations: 2862)


Started GET "/books/9" for ::1 at 2020-07-12 14:37:43 +0700
Processing by BooksController#show as HTML
  Parameters: {"id"=>"9"}
  [1m[36mBook Load (1.4ms)[0m  [1m[34mSELECT "books".* FROM "books" WHERE "books"."id" = $1 LIMIT $2[0m  [["id", 9], ["LIMIT", 1]]
  ↳ app/controllers/books_controller.rb:67:in `set_book'
  Rendering books/show.html.erb within layouts/application
  Rendered books/show.html.erb within layouts/application (Duration: 3.3ms | Allocations: 297)
[Webpacker] Everything's up-to-date. Nothing to do
Completed 200 OK in 39ms (Views: 29.3ms | ActiveRecord: 1.4ms | Allocations: 4545)


Started GET "/books" for ::1 at 2020-07-12 14:38:09 +0700
Processing by BooksController#index as HTML
  Rendering books/index.html.erb within layouts/application
  [1m[36mBook Load (1.2ms)[0m  [1m[34mSELECT "books".* FROM "books"[0m
  ↳ app/views/books/index.html.erb:19
  Rendered books/index.html.erb within layouts/application (Duration: 14.3ms | Allocations: 1716)
[Webpacker] Everything's up-to-date. Nothing to do
Completed 200 OK in 46ms (Views: 42.5ms | ActiveRecord: 1.2ms | Allocations: 5230)


  [1m[35m (0.2ms)[0m  [1m[34mSELECT pg_try_advisory_lock(1364624852599972950)[0m
  [1m[35m (0.6ms)[0m  [1m[34mSELECT "schema_migrations"."version" FROM "schema_migrations" ORDER BY "schema_migrations"."version" ASC[0m
  [1m[36mActiveRecord::InternalMetadata Load (0.4ms)[0m  [1m[34mSELECT "ar_internal_metadata".* FROM "ar_internal_metadata" WHERE "ar_internal_metadata"."key" = $1 LIMIT $2[0m  [["key", "environment"], ["LIMIT", 1]]
  [1m[35m (0.4ms)[0m  [1m[34mSELECT pg_advisory_unlock(1364624852599972950)[0m
  [1m[35m (0.7ms)[0m  [1m[34mSELECT "schema_migrations"."version" FROM "schema_migrations" ORDER BY "schema_migrations"."version" ASC[0m
Started GET "/" for ::1 at 2020-07-12 17:40:34 +0700
  [1m[35m (28.6ms)[0m  [1m[34mSELECT "schema_migrations"."version" FROM "schema_migrations" ORDER BY "schema_migrations"."version" ASC[0m
Processing by Rails::WelcomeController#index as HTML
  Rendering /home/rosankecil/.rbenv/versions/2.7.1/lib/ruby/gems/2.7.0/gems/railties-6.0.3.2/lib/rails/templates/rails/welcome/index.html.erb
  Rendered /home/rosankecil/.rbenv/versions/2.7.1/lib/ruby/gems/2.7.0/gems/railties-6.0.3.2/lib/rails/templates/rails/welcome/index.html.erb (Duration: 59.9ms | Allocations: 294)
Completed 200 OK in 91ms (Views: 63.4ms | ActiveRecord: 0.0ms | Allocations: 1737)


Started GET "/coba" for ::1 at 2020-07-12 17:40:43 +0700
  
ActionController::RoutingError (No route matches [GET] "/coba"):
  
actionpack (6.0.3.2) lib/action_dispatch/middleware/debug_exceptions.rb:36:in `call'
web-console (4.0.3) lib/web_console/middleware.rb:132:in `call_app'
web-console (4.0.3) lib/web_console/middleware.rb:28:in `block in call'
web-console (4.0.3) lib/web_console/middleware.rb:17:in `catch'
web-console (4.0.3) lib/web_console/middleware.rb:17:in `call'
actionpack (6.0.3.2) lib/action_dispatch/middleware/show_exceptions.rb:33:in `call'
railties (6.0.3.2) lib/rails/rack/logger.rb:37:in `call_app'
railties (6.0.3.2) lib/rails/rack/logger.rb:26:in `block in call'
activesupport (6.0.3.2) lib/active_support/tagged_logging.rb:80:in `block in tagged'
activesupport (6.0.3.2) lib/active_support/tagged_logging.rb:28:in `tagged'
activesupport (6.0.3.2) lib/active_support/tagged_logging.rb:80:in `tagged'
railties (6.0.3.2) lib/rails/rack/logger.rb:26:in `call'
sprockets-rails (3.2.1) lib/sprockets/rails/quiet_assets.rb:13:in `call'
actionpack (6.0.3.2) lib/action_dispatch/middleware/remote_ip.rb:81:in `call'
actionpack (6.0.3.2) lib/action_dispatch/middleware/request_id.rb:27:in `call'
rack (2.2.3) lib/rack/method_override.rb:24:in `call'
rack (2.2.3) lib/rack/runtime.rb:22:in `call'
activesupport (6.0.3.2) lib/active_support/cache/strategy/local_cache_middleware.rb:29:in `call'
actionpack (6.0.3.2) lib/action_dispatch/middleware/executor.rb:14:in `call'
actionpack (6.0.3.2) lib/action_dispatch/middleware/static.rb:126:in `call'
rack (2.2.3) lib/rack/sendfile.rb:110:in `call'
actionpack (6.0.3.2) lib/action_dispatch/middleware/host_authorization.rb:82:in `call'
webpacker (4.2.2) lib/webpacker/dev_server_proxy.rb:23:in `perform_request'
rack-proxy (0.6.5) lib/rack/proxy.rb:57:in `call'
railties (6.0.3.2) lib/rails/engine.rb:527:in `call'
puma (4.3.5) lib/puma/configuration.rb:228:in `call'
puma (4.3.5) lib/puma/server.rb:713:in `handle_request'
puma (4.3.5) lib/puma/server.rb:472:in `process_client'
puma (4.3.5) lib/puma/server.rb:328:in `block in run'
puma (4.3.5) lib/puma/thread_pool.rb:134:in `block in spawn_thread'
Started GET "/" for ::1 at 2020-07-12 17:40:55 +0700
Processing by Rails::WelcomeController#index as HTML
  Rendering /home/rosankecil/.rbenv/versions/2.7.1/lib/ruby/gems/2.7.0/gems/railties-6.0.3.2/lib/rails/templates/rails/welcome/index.html.erb
  Rendered /home/rosankecil/.rbenv/versions/2.7.1/lib/ruby/gems/2.7.0/gems/railties-6.0.3.2/lib/rails/templates/rails/welcome/index.html.erb (Duration: 34.7ms | Allocations: 179)
Completed 200 OK in 50ms (Views: 44.8ms | ActiveRecord: 0.0ms | Allocations: 886)


Started GET "/" for ::1 at 2020-07-12 19:27:32 +0700
  [1m[35m (30.4ms)[0m  [1m[34mSELECT "schema_migrations"."version" FROM "schema_migrations" ORDER BY "schema_migrations"."version" ASC[0m
Processing by Rails::WelcomeController#index as HTML
  Rendering /home/rosankecil/.rbenv/versions/2.7.1/lib/ruby/gems/2.7.0/gems/railties-6.0.3.2/lib/rails/templates/rails/welcome/index.html.erb
  Rendered /home/rosankecil/.rbenv/versions/2.7.1/lib/ruby/gems/2.7.0/gems/railties-6.0.3.2/lib/rails/templates/rails/welcome/index.html.erb (Duration: 7.7ms | Allocations: 294)
Completed 200 OK in 21ms (Views: 10.9ms | ActiveRecord: 0.0ms | Allocations: 1738)


Started GET "/home/index" for ::1 at 2020-07-12 19:27:39 +0700
Processing by HomeController#index as HTML
  Rendering home/index.html.erb within layouts/application
  Rendered home/index.html.erb within layouts/application (Duration: 0.4ms | Allocations: 164)
[Webpacker] Everything's up-to-date. Nothing to do
Completed 200 OK in 729ms (Views: 727.4ms | ActiveRecord: 0.0ms | Allocations: 27306)


Started GET "/home/coba" for ::1 at 2020-07-12 19:28:01 +0700
  
ActionController::RoutingError (No route matches [GET] "/home/coba"):
  
actionpack (6.0.3.2) lib/action_dispatch/middleware/debug_exceptions.rb:36:in `call'
web-console (4.0.3) lib/web_console/middleware.rb:132:in `call_app'
web-console (4.0.3) lib/web_console/middleware.rb:28:in `block in call'
web-console (4.0.3) lib/web_console/middleware.rb:17:in `catch'
web-console (4.0.3) lib/web_console/middleware.rb:17:in `call'
actionpack (6.0.3.2) lib/action_dispatch/middleware/show_exceptions.rb:33:in `call'
railties (6.0.3.2) lib/rails/rack/logger.rb:37:in `call_app'
railties (6.0.3.2) lib/rails/rack/logger.rb:26:in `block in call'
activesupport (6.0.3.2) lib/active_support/tagged_logging.rb:80:in `block in tagged'
activesupport (6.0.3.2) lib/active_support/tagged_logging.rb:28:in `tagged'
activesupport (6.0.3.2) lib/active_support/tagged_logging.rb:80:in `tagged'
railties (6.0.3.2) lib/rails/rack/logger.rb:26:in `call'
sprockets-rails (3.2.1) lib/sprockets/rails/quiet_assets.rb:13:in `call'
actionpack (6.0.3.2) lib/action_dispatch/middleware/remote_ip.rb:81:in `call'
actionpack (6.0.3.2) lib/action_dispatch/middleware/request_id.rb:27:in `call'
rack (2.2.3) lib/rack/method_override.rb:24:in `call'
rack (2.2.3) lib/rack/runtime.rb:22:in `call'
activesupport (6.0.3.2) lib/active_support/cache/strategy/local_cache_middleware.rb:29:in `call'
actionpack (6.0.3.2) lib/action_dispatch/middleware/executor.rb:14:in `call'
actionpack (6.0.3.2) lib/action_dispatch/middleware/static.rb:126:in `call'
rack (2.2.3) lib/rack/sendfile.rb:110:in `call'
actionpack (6.0.3.2) lib/action_dispatch/middleware/host_authorization.rb:82:in `call'
webpacker (4.2.2) lib/webpacker/dev_server_proxy.rb:23:in `perform_request'
rack-proxy (0.6.5) lib/rack/proxy.rb:57:in `call'
railties (6.0.3.2) lib/rails/engine.rb:527:in `call'
puma (4.3.5) lib/puma/configuration.rb:228:in `call'
puma (4.3.5) lib/puma/server.rb:713:in `handle_request'
puma (4.3.5) lib/puma/server.rb:472:in `process_client'
puma (4.3.5) lib/puma/server.rb:328:in `block in run'
puma (4.3.5) lib/puma/thread_pool.rb:134:in `block in spawn_thread'
Started GET "/home/coba" for ::1 at 2020-07-12 19:29:19 +0700
Processing by HomeController#coba as HTML
Completed 500 Internal Server Error in 4ms (ActiveRecord: 0.0ms | Allocations: 1443)


  
ActionView::MissingTemplate (Missing template home/tes, application/tes with {:locale=>[:en], :formats=>[:html], :variants=>[], :handlers=>[:raw, :erb, :html, :builder, :ruby, :jbuilder]}. Searched in:
  * "/home/rosankecil/rails/latihan/app/views"
  * "/home/rosankecil/.rbenv/versions/2.7.1/lib/ruby/gems/2.7.0/gems/actiontext-6.0.3.2/app/views"
  * "/home/rosankecil/.rbenv/versions/2.7.1/lib/ruby/gems/2.7.0/gems/actionmailbox-6.0.3.2/app/views"
):
  
app/controllers/home_controller.rb:6:in `coba'
Started GET "/home/coba" for ::1 at 2020-07-12 19:30:14 +0700
Processing by HomeController#coba as HTML
  Rendering home/tes.html.erb within layouts/application
  Rendered home/tes.html.erb within layouts/application (Duration: 1.4ms | Allocations: 74)
[Webpacker] Everything's up-to-date. Nothing to do
Completed 200 OK in 47ms (Views: 44.5ms | ActiveRecord: 0.0ms | Allocations: 4544)


Started GET "/home/coba" for ::1 at 2020-07-12 19:30:50 +0700
Processing by HomeController#coba as HTML
  Rendering home/index.html.erb within layouts/application
  Rendered home/index.html.erb within layouts/application (Duration: 0.3ms | Allocations: 78)
[Webpacker] Everything's up-to-date. Nothing to do
Completed 200 OK in 7ms (Views: 6.1ms | ActiveRecord: 0.0ms | Allocations: 3874)


Started GET "/home/tes" for ::1 at 2020-07-12 19:32:23 +0700
Processing by HomeController#tes as HTML
  Rendering text template
  Rendered text template (Duration: 0.1ms | Allocations: 1)
Completed 200 OK in 15ms (Views: 14.8ms | ActiveRecord: 0.0ms | Allocations: 652)


Started GET "/" for ::1 at 2020-07-12 19:32:32 +0700
Processing by Rails::WelcomeController#index as HTML
  Rendering /home/rosankecil/.rbenv/versions/2.7.1/lib/ruby/gems/2.7.0/gems/railties-6.0.3.2/lib/rails/templates/rails/welcome/index.html.erb
  Rendered /home/rosankecil/.rbenv/versions/2.7.1/lib/ruby/gems/2.7.0/gems/railties-6.0.3.2/lib/rails/templates/rails/welcome/index.html.erb (Duration: 20.9ms | Allocations: 178)
Completed 200 OK in 29ms (Views: 24.2ms | ActiveRecord: 0.0ms | Allocations: 863)


Started GET "/home/tes" for ::1 at 2020-07-12 19:32:41 +0700
Processing by HomeController#tes as HTML
  Rendering text template
  Rendered text template (Duration: 0.0ms | Allocations: 1)
Completed 200 OK in 2ms (Views: 1.2ms | ActiveRecord: 0.0ms | Allocations: 335)


Started GET "/home/coba" for ::1 at 2020-07-12 19:43:05 +0700
Processing by HomeController#coba as HTML
Redirected to 
Completed 500 Internal Server Error in 4ms (ActiveRecord: 0.0ms | Allocations: 1195)


  
ActionController::UrlGenerationError (No route matches {:action=>"demo/index", :controller=>"home"}):
  
app/controllers/home_controller.rb:6:in `coba'
Started GET "/home/coba" for ::1 at 2020-07-12 19:44:15 +0700
Processing by HomeController#coba as HTML
Redirected to http://localhost:3000/home/index
Completed 302 Found in 1ms (ActiveRecord: 0.0ms | Allocations: 825)


Started GET "/home/index" for ::1 at 2020-07-12 19:44:15 +0700
Processing by HomeController#index as HTML
  Rendering home/index.html.erb within layouts/application
  Rendered home/index.html.erb within layouts/application (Duration: 0.2ms | Allocations: 75)
[Webpacker] Everything's up-to-date. Nothing to do
Completed 200 OK in 7ms (Views: 6.2ms | ActiveRecord: 0.0ms | Allocations: 4545)


Started GET "/home/index" for ::1 at 2020-07-12 19:44:52 +0700
Processing by HomeController#index as HTML
  Rendering home/tes.html.erb within layouts/application
  Rendered home/tes.html.erb within layouts/application (Duration: 0.2ms | Allocations: 75)
[Webpacker] Everything's up-to-date. Nothing to do
Completed 200 OK in 9ms (Views: 8.6ms | ActiveRecord: 0.0ms | Allocations: 3869)


Started GET "/demo/tes" for ::1 at 2020-07-12 19:51:25 +0700
  
SyntaxError (/home/rosankecil/rails/latihan/app/controllers/demo_controller.rb:8: syntax error, unexpected end-of-input, expecting `end'):
  
app/controllers/demo_controller.rb:8: syntax error, unexpected end-of-input, expecting `end'
app/controllers/demo_controller.rb:8: syntax error, unexpected end-of-input, expecting `end'
app/controllers/demo_controller.rb:8: syntax error, unexpected end-of-input, expecting `end'
Started GET "/demo/tes" for ::1 at 2020-07-12 19:51:39 +0700
Processing by DemoController#tes as HTML
  Rendering home/tes.html.erb within layouts/application
  Rendered home/tes.html.erb within layouts/application (Duration: 0.0ms | Allocations: 4)
[Webpacker] Everything's up-to-date. Nothing to do
Completed 200 OK in 6ms (Views: 5.0ms | ActiveRecord: 0.0ms | Allocations: 3990)


Started GET "/home/coba" for ::1 at 2020-07-12 19:52:49 +0700
Processing by HomeController#coba as HTML
Redirected to 
Completed 500 Internal Server Error in 1ms (ActiveRecord: 0.0ms | Allocations: 1194)


  
ActionController::UrlGenerationError (No route matches {:action=>"demo/tes", :controller=>"home"}):
  
app/controllers/home_controller.rb:7:in `coba'
Started GET "/home/coba" for ::1 at 2020-07-12 19:57:54 +0700
Processing by HomeController#coba as HTML
Redirected to http://localhost:3000/demo/tes
Completed 302 Found in 1ms (ActiveRecord: 0.0ms | Allocations: 843)


Started GET "/demo/tes" for ::1 at 2020-07-12 19:57:54 +0700
Processing by DemoController#tes as HTML
  Rendering home/tes.html.erb within layouts/application
  Rendered home/tes.html.erb within layouts/application (Duration: 0.0ms | Allocations: 4)
[Webpacker] Everything's up-to-date. Nothing to do
Completed 200 OK in 6ms (Views: 5.3ms | ActiveRecord: 0.0ms | Allocations: 3708)


Started GET "/demo/tes" for ::1 at 2020-07-12 20:10:54 +0700
Processing by DemoController#tes as HTML
  Rendering home/tes.html.erb within layouts/application
  Rendered home/tes.html.erb within layouts/application (Duration: 0.4ms | Allocations: 165)
[Webpacker] Everything's up-to-date. Nothing to do
Completed 200 OK in 9ms (Views: 8.4ms | ActiveRecord: 0.0ms | Allocations: 4623)


Started GET "/demo/tes" for ::1 at 2020-07-12 20:11:16 +0700
Processing by DemoController#tes as HTML
  Rendering home/tes.html.erb within layouts/application
  Rendered home/tes.html.erb within layouts/application (Duration: 0.7ms | Allocations: 158)
[Webpacker] Everything's up-to-date. Nothing to do
Completed 200 OK in 6ms (Views: 6.0ms | ActiveRecord: 0.0ms | Allocations: 4582)


Started GET "/demo/tes" for ::1 at 2020-07-12 20:11:26 +0700
Processing by DemoController#tes as HTML
  Rendering home/tes.html.erb within layouts/application
  Rendered home/tes.html.erb within layouts/application (Duration: 0.4ms | Allocations: 158)
[Webpacker] Everything's up-to-date. Nothing to do
Completed 200 OK in 7ms (Views: 6.4ms | ActiveRecord: 0.0ms | Allocations: 4587)


Started GET "/demo/tes" for ::1 at 2020-07-12 20:13:44 +0700
Processing by DemoController#tes as HTML
  Rendering home/tes.html.erb within layouts/application
  Rendered home/tes.html.erb within layouts/application (Duration: 0.7ms | Allocations: 137)
[Webpacker] Everything's up-to-date. Nothing to do
Completed 200 OK in 9ms (Views: 8.5ms | ActiveRecord: 0.0ms | Allocations: 4528)


Started GET "/demo/tes" for ::1 at 2020-07-12 20:16:39 +0700
Processing by DemoController#tes as HTML
  Rendering home/tes.html.erb within layouts/application
  Rendered home/tes.html.erb within layouts/application (Duration: 0.6ms | Allocations: 180)
[Webpacker] Everything's up-to-date. Nothing to do
Completed 200 OK in 8ms (Views: 7.3ms | ActiveRecord: 0.0ms | Allocations: 4589)


Started GET "/demo/tes" for ::1 at 2020-07-12 20:24:15 +0700
Processing by DemoController#tes as HTML
  Rendering home/tes.html.erb within layouts/application
  Rendered home/tes.html.erb within layouts/application (Duration: 1.1ms | Allocations: 770)
[Webpacker] Everything's up-to-date. Nothing to do
Completed 200 OK in 7ms (Views: 6.7ms | ActiveRecord: 0.0ms | Allocations: 5213)


Started GET "/demo/index" for ::1 at 2020-07-12 20:24:17 +0700
Processing by DemoController#index as HTML
  Rendering demo/index.html.erb within layouts/application
  Rendered demo/index.html.erb within layouts/application (Duration: 0.5ms | Allocations: 89)
[Webpacker] Everything's up-to-date. Nothing to do
Completed 200 OK in 9ms (Views: 7.6ms | ActiveRecord: 0.0ms | Allocations: 3786)


Started GET "/demo/index" for ::1 at 2020-07-12 20:25:01 +0700
Processing by DemoController#index as HTML
  Rendering demo/index.html.erb within layouts/application
  Rendered demo/index.html.erb within layouts/application (Duration: 0.1ms | Allocations: 5)
[Webpacker] Everything's up-to-date. Nothing to do
Completed 200 OK in 5ms (Views: 4.4ms | ActiveRecord: 0.0ms | Allocations: 3690)


Started GET "/demo/index" for ::1 at 2020-07-12 20:25:30 +0700
Processing by DemoController#index as HTML
  Rendering demo/index.html.erb within layouts/application
  Rendered demo/index.html.erb within layouts/application (Duration: 0.4ms | Allocations: 92)
[Webpacker] Everything's up-to-date. Nothing to do
Completed 200 OK in 9ms (Views: 8.2ms | ActiveRecord: 0.0ms | Allocations: 4587)


Started GET "/demo/tes" for ::1 at 2020-07-12 20:26:13 +0700
Processing by DemoController#tes as HTML
  Rendering home/tes.html.erb within layouts/application
  Rendered home/tes.html.erb within layouts/application (Duration: 1.5ms | Allocations: 773)
[Webpacker] Everything's up-to-date. Nothing to do
Completed 200 OK in 8ms (Views: 7.6ms | ActiveRecord: 0.0ms | Allocations: 4443)


